  [1m[35m (0.2ms)[0m  [1m[34mSELECT sqlite_version(*)[0m
  [1m[35m (98.4ms)[0m  [1m[35mCREATE TABLE "schema_migrations" ("version" varchar NOT NULL PRIMARY KEY)[0m
  [1m[35m (9.3ms)[0m  [1m[35mCREATE TABLE "ar_internal_metadata" ("key" varchar NOT NULL PRIMARY KEY, "value" varchar, "created_at" datetime NOT NULL, "updated_at" datetime NOT NULL)[0m
  [1m[35m (0.4ms)[0m  [1m[34mSELECT "schema_migrations"."version" FROM "schema_migrations" ORDER BY "schema_migrations"."version" ASC[0m
Migrating to CreateWaiters (20180403003545)
  [1m[35m (0.2ms)[0m  [1m[34mSELECT "schema_migrations"."version" FROM "schema_migrations" ORDER BY "schema_migrations"."version" ASC[0m
Migrating to CreateWaiters (20180403003545)
  [1m[35m (0.2ms)[0m  [1m[34mSELECT "schema_migrations"."version" FROM "schema_migrations" ORDER BY "schema_migrations"."version" ASC[0m
  [1m[35m (0.2ms)[0m  [1m[34mSELECT "schema_migrations"."version" FROM "schema_migrations" ORDER BY "schema_migrations"."version" ASC[0m
Started GET "/" for 127.0.0.1 at 2018-04-02 19:54:36 -0500
  [1m[35m (0.2ms)[0m  [1m[34mSELECT "schema_migrations"."version" FROM "schema_migrations" ORDER BY "schema_migrations"."version" ASC[0m
  
ActiveRecord::PendingMigrationError (

Migrations are pending. To resolve this issue, run:

        bin/rails db:migrate RAILS_ENV=development

):
  
activerecord (5.1.6) lib/active_record/migration.rb:576:in `check_pending!'
activerecord (5.1.6) lib/active_record/migration.rb:553:in `call'
actionpack (5.1.6) lib/action_dispatch/middleware/callbacks.rb:26:in `block in call'
activesupport (5.1.6) lib/active_support/callbacks.rb:97:in `run_callbacks'
actionpack (5.1.6) lib/action_dispatch/middleware/callbacks.rb:24:in `call'
actionpack (5.1.6) lib/action_dispatch/middleware/executor.rb:12:in `call'
actionpack (5.1.6) lib/action_dispatch/middleware/debug_exceptions.rb:59:in `call'
web-console (3.5.1) lib/web_console/middleware.rb:135:in `call_app'
web-console (3.5.1) lib/web_console/middleware.rb:28:in `block in call'
web-console (3.5.1) lib/web_console/middleware.rb:18:in `catch'
web-console (3.5.1) lib/web_console/middleware.rb:18:in `call'
actionpack (5.1.6) lib/action_dispatch/middleware/show_exceptions.rb:31:in `call'
railties (5.1.6) lib/rails/rack/logger.rb:36:in `call_app'
railties (5.1.6) lib/rails/rack/logger.rb:24:in `block in call'
activesupport (5.1.6) lib/active_support/tagged_logging.rb:69:in `block in tagged'
activesupport (5.1.6) lib/active_support/tagged_logging.rb:26:in `tagged'
activesupport (5.1.6) lib/active_support/tagged_logging.rb:69:in `tagged'
railties (5.1.6) lib/rails/rack/logger.rb:24:in `call'
sprockets-rails (3.2.1) lib/sprockets/rails/quiet_assets.rb:13:in `call'
actionpack (5.1.6) lib/action_dispatch/middleware/remote_ip.rb:79:in `call'
actionpack (5.1.6) lib/action_dispatch/middleware/request_id.rb:25:in `call'
rack (2.0.4) lib/rack/method_override.rb:22:in `call'
rack (2.0.4) lib/rack/runtime.rb:22:in `call'
activesupport (5.1.6) lib/active_support/cache/strategy/local_cache_middleware.rb:27:in `call'
actionpack (5.1.6) lib/action_dispatch/middleware/executor.rb:12:in `call'
actionpack (5.1.6) lib/action_dispatch/middleware/static.rb:125:in `call'
rack (2.0.4) lib/rack/sendfile.rb:111:in `call'
railties (5.1.6) lib/rails/engine.rb:522:in `call'
puma (3.11.3) lib/puma/configuration.rb:225:in `call'
puma (3.11.3) lib/puma/server.rb:624:in `handle_request'
puma (3.11.3) lib/puma/server.rb:438:in `process_client'
puma (3.11.3) lib/puma/server.rb:302:in `block in run'
puma (3.11.3) lib/puma/thread_pool.rb:120:in `block in spawn_thread'
  [1m[35m (0.2ms)[0m  [1m[34mSELECT "schema_migrations"."version" FROM "schema_migrations" ORDER BY "schema_migrations"."version" ASC[0m
Migrating to CreateWaiters (20180403003545)
  [1m[35m (0.2ms)[0m  [1m[34mSELECT "schema_migrations"."version" FROM "schema_migrations" ORDER BY "schema_migrations"."version" ASC[0m
Started GET "/" for 127.0.0.1 at 2018-04-02 19:55:55 -0500
  [1m[35m (0.2ms)[0m  [1m[34mSELECT "schema_migrations"."version" FROM "schema_migrations" ORDER BY "schema_migrations"."version" ASC[0m
  
ActiveRecord::PendingMigrationError (

Migrations are pending. To resolve this issue, run:

        bin/rails db:migrate RAILS_ENV=development

):
  
activerecord (5.1.6) lib/active_record/migration.rb:576:in `check_pending!'
activerecord (5.1.6) lib/active_record/migration.rb:553:in `call'
actionpack (5.1.6) lib/action_dispatch/middleware/callbacks.rb:26:in `block in call'
activesupport (5.1.6) lib/active_support/callbacks.rb:97:in `run_callbacks'
actionpack (5.1.6) lib/action_dispatch/middleware/callbacks.rb:24:in `call'
actionpack (5.1.6) lib/action_dispatch/middleware/executor.rb:12:in `call'
actionpack (5.1.6) lib/action_dispatch/middleware/debug_exceptions.rb:59:in `call'
web-console (3.5.1) lib/web_console/middleware.rb:135:in `call_app'
web-console (3.5.1) lib/web_console/middleware.rb:28:in `block in call'
web-console (3.5.1) lib/web_console/middleware.rb:18:in `catch'
web-console (3.5.1) lib/web_console/middleware.rb:18:in `call'
actionpack (5.1.6) lib/action_dispatch/middleware/show_exceptions.rb:31:in `call'
railties (5.1.6) lib/rails/rack/logger.rb:36:in `call_app'
railties (5.1.6) lib/rails/rack/logger.rb:24:in `block in call'
activesupport (5.1.6) lib/active_support/tagged_logging.rb:69:in `block in tagged'
activesupport (5.1.6) lib/active_support/tagged_logging.rb:26:in `tagged'
activesupport (5.1.6) lib/active_support/tagged_logging.rb:69:in `tagged'
railties (5.1.6) lib/rails/rack/logger.rb:24:in `call'
sprockets-rails (3.2.1) lib/sprockets/rails/quiet_assets.rb:13:in `call'
actionpack (5.1.6) lib/action_dispatch/middleware/remote_ip.rb:79:in `call'
actionpack (5.1.6) lib/action_dispatch/middleware/request_id.rb:25:in `call'
rack (2.0.4) lib/rack/method_override.rb:22:in `call'
rack (2.0.4) lib/rack/runtime.rb:22:in `call'
activesupport (5.1.6) lib/active_support/cache/strategy/local_cache_middleware.rb:27:in `call'
actionpack (5.1.6) lib/action_dispatch/middleware/executor.rb:12:in `call'
actionpack (5.1.6) lib/action_dispatch/middleware/static.rb:125:in `call'
rack (2.0.4) lib/rack/sendfile.rb:111:in `call'
railties (5.1.6) lib/rails/engine.rb:522:in `call'
puma (3.11.3) lib/puma/configuration.rb:225:in `call'
puma (3.11.3) lib/puma/server.rb:624:in `handle_request'
puma (3.11.3) lib/puma/server.rb:438:in `process_client'
puma (3.11.3) lib/puma/server.rb:302:in `block in run'
puma (3.11.3) lib/puma/thread_pool.rb:120:in `block in spawn_thread'
  [1m[35m (0.2ms)[0m  [1m[34mSELECT "schema_migrations"."version" FROM "schema_migrations" ORDER BY "schema_migrations"."version" ASC[0m
Migrating to CreateWaiters (20180403003545)
  [1m[35m (0.2ms)[0m  [1m[34mSELECT "schema_migrations"."version" FROM "schema_migrations" ORDER BY "schema_migrations"."version" ASC[0m
Migrating to CreateWaiters (20180403003545)
Started GET "/" for 127.0.0.1 at 2018-04-02 19:59:22 -0500
  [1m[35m (0.4ms)[0m  [1m[34mSELECT "schema_migrations"."version" FROM "schema_migrations" ORDER BY "schema_migrations"."version" ASC[0m
  
ActiveRecord::PendingMigrationError (

Migrations are pending. To resolve this issue, run:

        bin/rails db:migrate RAILS_ENV=development

):
  
activerecord (5.1.6) lib/active_record/migration.rb:576:in `check_pending!'
activerecord (5.1.6) lib/active_record/migration.rb:553:in `call'
actionpack (5.1.6) lib/action_dispatch/middleware/callbacks.rb:26:in `block in call'
activesupport (5.1.6) lib/active_support/callbacks.rb:97:in `run_callbacks'
actionpack (5.1.6) lib/action_dispatch/middleware/callbacks.rb:24:in `call'
actionpack (5.1.6) lib/action_dispatch/middleware/executor.rb:12:in `call'
actionpack (5.1.6) lib/action_dispatch/middleware/debug_exceptions.rb:59:in `call'
web-console (3.5.1) lib/web_console/middleware.rb:135:in `call_app'
web-console (3.5.1) lib/web_console/middleware.rb:28:in `block in call'
web-console (3.5.1) lib/web_console/middleware.rb:18:in `catch'
web-console (3.5.1) lib/web_console/middleware.rb:18:in `call'
actionpack (5.1.6) lib/action_dispatch/middleware/show_exceptions.rb:31:in `call'
railties (5.1.6) lib/rails/rack/logger.rb:36:in `call_app'
railties (5.1.6) lib/rails/rack/logger.rb:24:in `block in call'
activesupport (5.1.6) lib/active_support/tagged_logging.rb:69:in `block in tagged'
activesupport (5.1.6) lib/active_support/tagged_logging.rb:26:in `tagged'
activesupport (5.1.6) lib/active_support/tagged_logging.rb:69:in `tagged'
railties (5.1.6) lib/rails/rack/logger.rb:24:in `call'
sprockets-rails (3.2.1) lib/sprockets/rails/quiet_assets.rb:13:in `call'
actionpack (5.1.6) lib/action_dispatch/middleware/remote_ip.rb:79:in `call'
actionpack (5.1.6) lib/action_dispatch/middleware/request_id.rb:25:in `call'
rack (2.0.4) lib/rack/method_override.rb:22:in `call'
rack (2.0.4) lib/rack/runtime.rb:22:in `call'
activesupport (5.1.6) lib/active_support/cache/strategy/local_cache_middleware.rb:27:in `call'
actionpack (5.1.6) lib/action_dispatch/middleware/executor.rb:12:in `call'
actionpack (5.1.6) lib/action_dispatch/middleware/static.rb:125:in `call'
rack (2.0.4) lib/rack/sendfile.rb:111:in `call'
railties (5.1.6) lib/rails/engine.rb:522:in `call'
puma (3.11.3) lib/puma/configuration.rb:225:in `call'
puma (3.11.3) lib/puma/server.rb:624:in `handle_request'
puma (3.11.3) lib/puma/server.rb:438:in `process_client'
puma (3.11.3) lib/puma/server.rb:302:in `block in run'
puma (3.11.3) lib/puma/thread_pool.rb:120:in `block in spawn_thread'
  [1m[35m (0.2ms)[0m  [1m[34mSELECT "schema_migrations"."version" FROM "schema_migrations" ORDER BY "schema_migrations"."version" ASC[0m
Migrating to CreateWaiters (20180403003545)
  [1m[35m (0.2ms)[0m  [1m[34mSELECT "schema_migrations"."version" FROM "schema_migrations" ORDER BY "schema_migrations"."version" ASC[0m
Migrating to CreateWaiters (20180403003545)
  [1m[35m (0.2ms)[0m  [1m[34mSELECT "schema_migrations"."version" FROM "schema_migrations" ORDER BY "schema_migrations"."version" ASC[0m
Migrating to CreateWaiters (20180403003545)
  [1m[35m (0.2ms)[0m  [1m[34mSELECT "schema_migrations"."version" FROM "schema_migrations" ORDER BY "schema_migrations"."version" ASC[0m
Started GET "/orders" for 127.0.0.1 at 2018-04-02 20:04:46 -0500
  [1m[35m (0.2ms)[0m  [1m[34mSELECT "schema_migrations"."version" FROM "schema_migrations" ORDER BY "schema_migrations"."version" ASC[0m
  
ActiveRecord::PendingMigrationError (

Migrations are pending. To resolve this issue, run:

        bin/rails db:migrate RAILS_ENV=development

):
  
activerecord (5.1.6) lib/active_record/migration.rb:576:in `check_pending!'
activerecord (5.1.6) lib/active_record/migration.rb:553:in `call'
actionpack (5.1.6) lib/action_dispatch/middleware/callbacks.rb:26:in `block in call'
activesupport (5.1.6) lib/active_support/callbacks.rb:97:in `run_callbacks'
actionpack (5.1.6) lib/action_dispatch/middleware/callbacks.rb:24:in `call'
actionpack (5.1.6) lib/action_dispatch/middleware/executor.rb:12:in `call'
actionpack (5.1.6) lib/action_dispatch/middleware/debug_exceptions.rb:59:in `call'
web-console (3.5.1) lib/web_console/middleware.rb:135:in `call_app'
web-console (3.5.1) lib/web_console/middleware.rb:28:in `block in call'
web-console (3.5.1) lib/web_console/middleware.rb:18:in `catch'
web-console (3.5.1) lib/web_console/middleware.rb:18:in `call'
actionpack (5.1.6) lib/action_dispatch/middleware/show_exceptions.rb:31:in `call'
railties (5.1.6) lib/rails/rack/logger.rb:36:in `call_app'
railties (5.1.6) lib/rails/rack/logger.rb:24:in `block in call'
activesupport (5.1.6) lib/active_support/tagged_logging.rb:69:in `block in tagged'
activesupport (5.1.6) lib/active_support/tagged_logging.rb:26:in `tagged'
activesupport (5.1.6) lib/active_support/tagged_logging.rb:69:in `tagged'
railties (5.1.6) lib/rails/rack/logger.rb:24:in `call'
sprockets-rails (3.2.1) lib/sprockets/rails/quiet_assets.rb:13:in `call'
actionpack (5.1.6) lib/action_dispatch/middleware/remote_ip.rb:79:in `call'
actionpack (5.1.6) lib/action_dispatch/middleware/request_id.rb:25:in `call'
rack (2.0.4) lib/rack/method_override.rb:22:in `call'
rack (2.0.4) lib/rack/runtime.rb:22:in `call'
activesupport (5.1.6) lib/active_support/cache/strategy/local_cache_middleware.rb:27:in `call'
actionpack (5.1.6) lib/action_dispatch/middleware/executor.rb:12:in `call'
actionpack (5.1.6) lib/action_dispatch/middleware/static.rb:125:in `call'
rack (2.0.4) lib/rack/sendfile.rb:111:in `call'
railties (5.1.6) lib/rails/engine.rb:522:in `call'
puma (3.11.3) lib/puma/configuration.rb:225:in `call'
puma (3.11.3) lib/puma/server.rb:624:in `handle_request'
puma (3.11.3) lib/puma/server.rb:438:in `process_client'
puma (3.11.3) lib/puma/server.rb:302:in `block in run'
puma (3.11.3) lib/puma/thread_pool.rb:120:in `block in spawn_thread'
  [1m[35m (0.2ms)[0m  [1m[34mSELECT "schema_migrations"."version" FROM "schema_migrations" ORDER BY "schema_migrations"."version" ASC[0m
Migrating to CreateWaiters (20180403003545)
  [1m[35m (0.3ms)[0m  [1m[34mSELECT "schema_migrations"."version" FROM "schema_migrations" ORDER BY "schema_migrations"."version" ASC[0m
  [1m[35m (0.2ms)[0m  [1m[34mSELECT "schema_migrations"."version" FROM "schema_migrations" ORDER BY "schema_migrations"."version" ASC[0m
Migrating to CreateWaiters (20180403003545)
  [1m[35m (0.2ms)[0m  [1m[34mSELECT "schema_migrations"."version" FROM "schema_migrations" ORDER BY "schema_migrations"."version" ASC[0m
Migrating to CreateWaiters (20180403003545)
  [1m[35m (0.1ms)[0m  [1m[36mbegin transaction[0m
  [1m[35mSQL (6.0ms)[0m  [1m[32mINSERT INTO "schema_migrations" ("version") VALUES (?)[0m  [["version", "20180403003545"]]
  [1m[35m (7.6ms)[0m  [1m[36mcommit transaction[0m
Migrating to CreateOrders (20180403003838)
  [1m[35m (0.1ms)[0m  [1m[36mbegin transaction[0m
  [1m[35m (0.1ms)[0m  [1m[34mSELECT sqlite_version(*)[0m
  [1m[35m (1.2ms)[0m  [1m[35mCREATE TABLE "orders" ("id" INTEGER PRIMARY KEY AUTOINCREMENT NOT NULL, "waiter" varchar, "board" integer, "created_at" datetime NOT NULL, "updated_at" datetime NOT NULL)[0m
  [1m[35mSQL (1.2ms)[0m  [1m[32mINSERT INTO "schema_migrations" ("version") VALUES (?)[0m  [["version", "20180403003838"]]
  [1m[35m (6.5ms)[0m  [1m[36mcommit transaction[0m
Migrating to CreatePlates (20180403004405)
  [1m[35m (0.1ms)[0m  [1m[36mbegin transaction[0m
  [1m[35m (3.0ms)[0m  [1m[35mCREATE TABLE "plates" ("id" INTEGER PRIMARY KEY AUTOINCREMENT NOT NULL, "name" varchar, "description" varchar, "price" decimal(10,2), "available" boolean, "order_id" integer, "created_at" datetime NOT NULL, "updated_at" datetime NOT NULL, CONSTRAINT "fk_rails_6f4e9e4f1e"
FOREIGN KEY ("order_id")
  REFERENCES "orders" ("id")
)[0m
  [1m[35m (0.2ms)[0m  [1m[35mCREATE  INDEX "index_plates_on_order_id" ON "plates" ("order_id")[0m
  [1m[35mSQL (5.1ms)[0m  [1m[32mINSERT INTO "schema_migrations" ("version") VALUES (?)[0m  [["version", "20180403004405"]]
  [1m[35m (7.9ms)[0m  [1m[36mcommit transaction[0m
  [1m[36mActiveRecord::InternalMetadata Load (0.2ms)[0m  [1m[34mSELECT  "ar_internal_metadata".* FROM "ar_internal_metadata" WHERE "ar_internal_metadata"."key" = ? LIMIT ?[0m  [["key", "environment"], ["LIMIT", 1]]
  [1m[35m (0.1ms)[0m  [1m[36mbegin transaction[0m
  [1m[35mSQL (1.6ms)[0m  [1m[32mINSERT INTO "ar_internal_metadata" ("key", "value", "created_at", "updated_at") VALUES (?, ?, ?, ?)[0m  [["key", "environment"], ["value", "development"], ["created_at", "2018-04-03 01:07:55.074579"], ["updated_at", "2018-04-03 01:07:55.074579"]]
  [1m[35m (14.5ms)[0m  [1m[36mcommit transaction[0m
  [1m[35m (0.1ms)[0m  [1m[34mSELECT "schema_migrations"."version" FROM "schema_migrations" ORDER BY "schema_migrations"."version" ASC[0m
  [1m[35m (0.1ms)[0m  [1m[34m            SELECT sql
            FROM sqlite_master
            WHERE name='index_plates_on_order_id' AND type='index'
            UNION ALL
            SELECT sql
            FROM sqlite_temp_master
            WHERE name='index_plates_on_order_id' AND type='index'
[0m
  [1m[35m (0.2ms)[0m  [1m[34mSELECT "schema_migrations"."version" FROM "schema_migrations" ORDER BY "schema_migrations"."version" ASC[0m
Started GET "/orders" for 127.0.0.1 at 2018-04-02 20:08:49 -0500
  [1m[35m (0.3ms)[0m  [1m[34mSELECT "schema_migrations"."version" FROM "schema_migrations" ORDER BY "schema_migrations"."version" ASC[0m
Processing by OrdersController#index as HTML
  Rendering orders/index.html.erb within layouts/application
  [1m[36mOrder Load (0.3ms)[0m  [1m[34mSELECT  "orders".* FROM "orders" LIMIT ?[0m  [["LIMIT", 11]]
  Rendered orders/index.html.erb within layouts/application (4.4ms)
Completed 200 OK in 8398ms (Views: 8369.9ms | ActiveRecord: 0.5ms)


Started GET "/" for 127.0.0.1 at 2018-04-02 20:19:47 -0500
  [1m[35m (0.2ms)[0m  [1m[34mSELECT "schema_migrations"."version" FROM "schema_migrations" ORDER BY "schema_migrations"."version" ASC[0m
Processing by Rails::WelcomeController#index as HTML
  Rendering /home/jmerino/.rvm/gems/ruby-2.5.0/gems/railties-5.1.6/lib/rails/templates/rails/welcome/index.html.erb
  Rendered /home/jmerino/.rvm/gems/ruby-2.5.0/gems/railties-5.1.6/lib/rails/templates/rails/welcome/index.html.erb (2.7ms)
Completed 200 OK in 51ms (Views: 6.9ms | ActiveRecord: 0.0ms)


Started GET "/new" for 127.0.0.1 at 2018-04-02 20:20:00 -0500
  
ActionController::RoutingError (No route matches [GET] "/new"):
  
actionpack (5.1.6) lib/action_dispatch/middleware/debug_exceptions.rb:63:in `call'
web-console (3.5.1) lib/web_console/middleware.rb:135:in `call_app'
web-console (3.5.1) lib/web_console/middleware.rb:28:in `block in call'
web-console (3.5.1) lib/web_console/middleware.rb:18:in `catch'
web-console (3.5.1) lib/web_console/middleware.rb:18:in `call'
actionpack (5.1.6) lib/action_dispatch/middleware/show_exceptions.rb:31:in `call'
railties (5.1.6) lib/rails/rack/logger.rb:36:in `call_app'
railties (5.1.6) lib/rails/rack/logger.rb:24:in `block in call'
activesupport (5.1.6) lib/active_support/tagged_logging.rb:69:in `block in tagged'
activesupport (5.1.6) lib/active_support/tagged_logging.rb:26:in `tagged'
activesupport (5.1.6) lib/active_support/tagged_logging.rb:69:in `tagged'
railties (5.1.6) lib/rails/rack/logger.rb:24:in `call'
sprockets-rails (3.2.1) lib/sprockets/rails/quiet_assets.rb:13:in `call'
actionpack (5.1.6) lib/action_dispatch/middleware/remote_ip.rb:79:in `call'
actionpack (5.1.6) lib/action_dispatch/middleware/request_id.rb:25:in `call'
rack (2.0.4) lib/rack/method_override.rb:22:in `call'
rack (2.0.4) lib/rack/runtime.rb:22:in `call'
activesupport (5.1.6) lib/active_support/cache/strategy/local_cache_middleware.rb:27:in `call'
actionpack (5.1.6) lib/action_dispatch/middleware/executor.rb:12:in `call'
actionpack (5.1.6) lib/action_dispatch/middleware/static.rb:125:in `call'
rack (2.0.4) lib/rack/sendfile.rb:111:in `call'
railties (5.1.6) lib/rails/engine.rb:522:in `call'
puma (3.11.3) lib/puma/configuration.rb:225:in `call'
puma (3.11.3) lib/puma/server.rb:624:in `handle_request'
puma (3.11.3) lib/puma/server.rb:438:in `process_client'
puma (3.11.3) lib/puma/server.rb:302:in `block in run'
puma (3.11.3) lib/puma/thread_pool.rb:120:in `block in spawn_thread'
Started GET "/orders/new" for 127.0.0.1 at 2018-04-02 20:20:23 -0500
Processing by OrdersController#new as HTML
  Rendering orders/new.html.erb within layouts/application
  Rendered orders/_form.html.erb (788.7ms)
  Rendered orders/new.html.erb within layouts/application (790.5ms)
Completed 200 OK in 1174ms (Views: 1143.1ms | ActiveRecord: 2.1ms)


Started POST "/orders" for 127.0.0.1 at 2018-04-02 20:25:56 -0500
Processing by OrdersController#create as HTML
  Parameters: {"utf8"=>"✓", "authenticity_token"=>"48mNxAzD/1IDFxALHCUGM+Kk75jFiWS5jjOd5fe5fgwuxbPXnXakFYJmBluDO8AEVLRUO6Qps/79+k9945wRog==", "order"=>{"board"=>"1", "waiter"=>"Jose Merino"}, "commit"=>"Create Order"}
Completed 500 Internal Server Error in 286ms


  
NameError (undefined local variable or method `order_params' for #<OrdersController:0x00007fc5d4b6a3e0>
Did you mean?  order_path):
  
app/controllers/orders_controller.rb:15:in `create'
Started GET "/orders" for 127.0.0.1 at 2018-04-02 20:27:56 -0500
Processing by OrdersController#index as HTML
  Rendering orders/index.html.erb within layouts/application
  [1m[36mOrder Load (4.5ms)[0m  [1m[34mSELECT  "orders".* FROM "orders" LIMIT ?[0m  [["LIMIT", 11]]
  Rendered orders/index.html.erb within layouts/application (9.5ms)
Completed 200 OK in 122ms (Views: 115.6ms | ActiveRecord: 5.6ms)


Started GET "/orders/new" for 127.0.0.1 at 2018-04-02 20:28:06 -0500
Processing by OrdersController#new as HTML
  Rendering orders/new.html.erb within layouts/application
  Rendered orders/_form.html.erb (2.9ms)
  Rendered orders/new.html.erb within layouts/application (4.1ms)
Completed 200 OK in 136ms (Views: 110.4ms | ActiveRecord: 0.9ms)


Started POST "/orders" for 127.0.0.1 at 2018-04-02 20:28:12 -0500
Processing by OrdersController#create as HTML
  Parameters: {"utf8"=>"✓", "authenticity_token"=>"Ca90PbUHV/rGfYFjVE1Vej6RZCSqdJHWh42DRRoj2bXEo0ouJLIMvUcMlzPLU5NNiIHfh8vURpH0RFHdDga2Gw==", "order"=>{"board"=>"1", "waiter"=>"jose merino"}, "commit"=>"Create Order"}
  [1m[35m (0.1ms)[0m  [1m[36mbegin transaction[0m
  [1m[35mSQL (19.6ms)[0m  [1m[32mINSERT INTO "orders" ("waiter", "board", "created_at", "updated_at") VALUES (?, ?, ?, ?)[0m  [["waiter", "jose merino"], ["board", 1], ["created_at", "2018-04-03 01:28:12.672682"], ["updated_at", "2018-04-03 01:28:12.672682"]]
  [1m[35m (12.5ms)[0m  [1m[36mcommit transaction[0m
Redirected to http://localhost:3000/orders/1
Completed 302 Found in 44ms (ActiveRecord: 32.2ms)


Started GET "/orders/1" for 127.0.0.1 at 2018-04-02 20:28:12 -0500
Processing by OrdersController#show as HTML
  Parameters: {"id"=>"1"}
  [1m[36mOrder Load (0.2ms)[0m  [1m[34mSELECT  "orders".* FROM "orders" WHERE "orders"."id" = ? LIMIT ?[0m  [["id", 1], ["LIMIT", 1]]
  Rendering orders/show.html.erb within layouts/application
  Rendered orders/show.html.erb within layouts/application (0.5ms)
Completed 200 OK in 175ms (Views: 109.5ms | ActiveRecord: 0.2ms)


Started GET "/orders/1" for 127.0.0.1 at 2018-04-02 20:32:49 -0500
Processing by OrdersController#show as HTML
  Parameters: {"id"=>"1"}
  [1m[36mOrder Load (0.5ms)[0m  [1m[34mSELECT  "orders".* FROM "orders" WHERE "orders"."id" = ? LIMIT ?[0m  [["id", 1], ["LIMIT", 1]]
  Rendering orders/show.html.erb within layouts/application
  Rendered orders/show.html.erb within layouts/application (1.3ms)
Completed 200 OK in 81ms (Views: 73.2ms | ActiveRecord: 0.5ms)


Started GET "/orders/1" for 127.0.0.1 at 2018-04-02 20:37:42 -0500
Processing by OrdersController#show as HTML
  Parameters: {"id"=>"1"}
  [1m[36mOrder Load (0.2ms)[0m  [1m[34mSELECT  "orders".* FROM "orders" WHERE "orders"."id" = ? LIMIT ?[0m  [["id", 1], ["LIMIT", 1]]
  Rendering orders/show.html.erb within layouts/application
  Rendered orders/show.html.erb within layouts/application (0.7ms)
Completed 200 OK in 84ms (Views: 72.8ms | ActiveRecord: 1.1ms)


Started GET "/orders/1/edit" for 127.0.0.1 at 2018-04-02 20:37:51 -0500
Processing by OrdersController#edit as HTML
  Parameters: {"id"=>"1"}
  [1m[36mOrder Load (0.2ms)[0m  [1m[34mSELECT  "orders".* FROM "orders" WHERE "orders"."id" = ? LIMIT ?[0m  [["id", 1], ["LIMIT", 1]]
  Rendering orders/edit.html.erb within layouts/application
  Rendered orders/_form.html.erb (3.8ms)
  Rendered orders/edit.html.erb within layouts/application (5.9ms)
Completed 200 OK in 118ms (Views: 109.9ms | ActiveRecord: 0.2ms)


Started PATCH "/orders/1" for 127.0.0.1 at 2018-04-02 20:42:34 -0500
Processing by OrdersController#update as HTML
  Parameters: {"utf8"=>"✓", "authenticity_token"=>"U3vmCP9ttHBOT7KGktXpfcr9x8NwPJtWzKtojbjqv9ied9gbbtjvN88+pNYNyy9KfO18YBGcTBG/YroVrM/Qdg==", "order"=>{"board"=>"1", "waiter"=>"jose merino Gonzales"}, "commit"=>"Update Order", "id"=>"1"}
  [1m[36mOrder Load (0.2ms)[0m  [1m[34mSELECT  "orders".* FROM "orders" WHERE "orders"."id" = ? LIMIT ?[0m  [["id", 1], ["LIMIT", 1]]
  [1m[35m (0.1ms)[0m  [1m[36mbegin transaction[0m
  [1m[35mSQL (6.6ms)[0m  [1m[33mUPDATE "orders" SET "waiter" = ?, "updated_at" = ? WHERE "orders"."id" = ?[0m  [["waiter", "jose merino Gonzales"], ["updated_at", "2018-04-03 01:42:34.765235"], ["id", 1]]
  [1m[35m (11.1ms)[0m  [1m[36mcommit transaction[0m
Redirected to http://localhost:3000/orders/1
Completed 302 Found in 50ms (ActiveRecord: 19.4ms)


Started GET "/orders/1" for 127.0.0.1 at 2018-04-02 20:42:34 -0500
Processing by OrdersController#show as HTML
  Parameters: {"id"=>"1"}
  [1m[36mOrder Load (0.2ms)[0m  [1m[34mSELECT  "orders".* FROM "orders" WHERE "orders"."id" = ? LIMIT ?[0m  [["id", 1], ["LIMIT", 1]]
  Rendering orders/show.html.erb within layouts/application
  Rendered orders/show.html.erb within layouts/application (3.8ms)
Completed 200 OK in 148ms (Views: 140.7ms | ActiveRecord: 0.2ms)


Started GET "/orders/new" for 127.0.0.1 at 2018-04-02 20:43:42 -0500
Processing by OrdersController#new as HTML
  Rendering orders/new.html.erb within layouts/application
  Rendered orders/_form.html.erb (15.0ms)
  Rendered orders/new.html.erb within layouts/application (16.5ms)
Completed 200 OK in 102ms (Views: 83.7ms | ActiveRecord: 1.2ms)


Started POST "/orders" for 127.0.0.1 at 2018-04-02 20:43:51 -0500
Processing by OrdersController#create as HTML
  Parameters: {"utf8"=>"✓", "authenticity_token"=>"XpIb4si39ttT7Zl6R8DCa13JUVV0/42FyKNKl0tHQNaTniXxWQKtnNKcjyrY3gRc69nq9hVfWsK7apgPX2IveA==", "order"=>{"board"=>"2", "waiter"=>"Pedro Paramo"}, "commit"=>"Create Order"}
  [1m[35m (0.1ms)[0m  [1m[36mbegin transaction[0m
  [1m[35mSQL (15.2ms)[0m  [1m[32mINSERT INTO "orders" ("waiter", "board", "created_at", "updated_at") VALUES (?, ?, ?, ?)[0m  [["waiter", "Pedro Paramo"], ["board", 2], ["created_at", "2018-04-03 01:43:51.131934"], ["updated_at", "2018-04-03 01:43:51.131934"]]
  [1m[35m (15.1ms)[0m  [1m[36mcommit transaction[0m
Redirected to http://localhost:3000/orders/2
Completed 302 Found in 40ms (ActiveRecord: 30.3ms)


Started GET "/orders/2" for 127.0.0.1 at 2018-04-02 20:43:51 -0500
Processing by OrdersController#show as HTML
  Parameters: {"id"=>"2"}
  [1m[36mOrder Load (0.3ms)[0m  [1m[34mSELECT  "orders".* FROM "orders" WHERE "orders"."id" = ? LIMIT ?[0m  [["id", 2], ["LIMIT", 1]]
  Rendering orders/show.html.erb within layouts/application
  Rendered orders/show.html.erb within layouts/application (5.8ms)
Completed 200 OK in 125ms (Views: 101.2ms | ActiveRecord: 0.3ms)


Started GET "/orders" for 127.0.0.1 at 2018-04-02 21:03:37 -0500
  [1m[35m (0.3ms)[0m  [1m[34mSELECT "schema_migrations"."version" FROM "schema_migrations" ORDER BY "schema_migrations"."version" ASC[0m
Processing by OrdersController#index as HTML
  Rendering orders/index.html.erb within layouts/application
  [1m[36mOrder Load (0.4ms)[0m  [1m[34mSELECT  "orders".* FROM "orders" LIMIT ?[0m  [["LIMIT", 11]]
  Rendered orders/index.html.erb within layouts/application (40.2ms)
Completed 500 Internal Server Error in 70ms (ActiveRecord: 1.4ms)


  
ActionView::Template::Error (undefined method `each' for nil:NilClass):
    18:     </tr>
    19:   </thead>
    20:   <tbody>
    21:     <% @order.each do |order| %>
    22:     <tr>
    23:       <td><%= order.id %></td>
    24:       <td><%= order.waiter %></td>
  
app/views/orders/index.html.erb:21:in `_app_views_orders_index_html_erb___1539935338663145654_20322900'
Started GET "/orders" for 127.0.0.1 at 2018-04-02 21:04:43 -0500
Processing by OrdersController#index as HTML
  Rendering orders/index.html.erb within layouts/application
  [1m[36mOrder Load (0.2ms)[0m  [1m[34mSELECT  "orders".* FROM "orders" LIMIT ?[0m  [["LIMIT", 11]]
  Rendered orders/index.html.erb within layouts/application (7.6ms)
Completed 500 Internal Server Error in 21ms (ActiveRecord: 0.5ms)


  
ActionView::Template::Error (undefined method `each' for nil:NilClass):
    18:     </tr>
    19:   </thead>
    20:   <tbody>
    21:     <%= @order.each do |order| %>
    22:     <tr>
    23:       <td><%= order.id %></td>
    24:       <td><%= order.waiter %></td>
  
app/views/orders/index.html.erb:21:in `_app_views_orders_index_html_erb___1539935338663145654_69900596472260'
Started GET "/orders" for 127.0.0.1 at 2018-04-02 21:05:49 -0500
Processing by OrdersController#index as HTML
  Rendering orders/index.html.erb within layouts/application
  [1m[36mOrder Load (0.2ms)[0m  [1m[34mSELECT  "orders".* FROM "orders" LIMIT ?[0m  [["LIMIT", 11]]
  [1m[36mOrder Load (4.5ms)[0m  [1m[34mSELECT "orders".* FROM "orders"[0m
  Rendered orders/index.html.erb within layouts/application (8.9ms)
Completed 200 OK in 437ms (Views: 431.2ms | ActiveRecord: 4.7ms)


Started GET "/orders/new" for 127.0.0.1 at 2018-04-02 21:05:55 -0500
Processing by OrdersController#new as HTML
  Rendering orders/new.html.erb within layouts/application
  Rendered orders/_form.html.erb (692.6ms)
  Rendered orders/new.html.erb within layouts/application (694.7ms)
Completed 200 OK in 770ms (Views: 768.6ms | ActiveRecord: 0.0ms)


Started POST "/orders" for 127.0.0.1 at 2018-04-02 21:06:02 -0500
Processing by OrdersController#create as HTML
  Parameters: {"utf8"=>"✓", "authenticity_token"=>"/Ek89yrEvhjq2Cpo+07Y2029MJFAftUgTvYgf9j2OLIpIN0bhNq2W5PyfkaR2k/f7NXfgGxBmaDTx9Sq6aPWgg==", "order"=>{"board"=>"3", "waiter"=>"Juan Carlos"}, "commit"=>"Create Order"}
  [1m[35m (0.1ms)[0m  [1m[36mbegin transaction[0m
  [1m[35mSQL (11.1ms)[0m  [1m[32mINSERT INTO "orders" ("waiter", "board", "created_at", "updated_at") VALUES (?, ?, ?, ?)[0m  [["waiter", "Juan Carlos"], ["board", 3], ["created_at", "2018-04-03 02:06:02.981141"], ["updated_at", "2018-04-03 02:06:02.981141"]]
  [1m[35m (10.0ms)[0m  [1m[36mcommit transaction[0m
Redirected to http://localhost:3000/orders/3
Completed 302 Found in 84ms (ActiveRecord: 21.2ms)


Started GET "/orders/3" for 127.0.0.1 at 2018-04-02 21:06:03 -0500
Processing by OrdersController#show as HTML
  Parameters: {"id"=>"3"}
  [1m[36mOrder Load (0.3ms)[0m  [1m[34mSELECT  "orders".* FROM "orders" WHERE "orders"."id" = ? LIMIT ?[0m  [["id", 3], ["LIMIT", 1]]
  Rendering orders/show.html.erb within layouts/application
  Rendered orders/show.html.erb within layouts/application (1.7ms)
Completed 200 OK in 126ms (Views: 90.5ms | ActiveRecord: 0.3ms)


Started GET "/orders/" for 127.0.0.1 at 2018-04-02 21:06:10 -0500
Processing by OrdersController#index as HTML
  Rendering orders/index.html.erb within layouts/application
  [1m[36mOrder Load (0.2ms)[0m  [1m[34mSELECT  "orders".* FROM "orders" LIMIT ?[0m  [["LIMIT", 11]]
  [1m[36mOrder Load (0.2ms)[0m  [1m[34mSELECT "orders".* FROM "orders"[0m
  Rendered orders/index.html.erb within layouts/application (9.5ms)
Completed 200 OK in 92ms (Views: 90.5ms | ActiveRecord: 0.4ms)


Started GET "/orders/" for 127.0.0.1 at 2018-04-02 21:06:43 -0500
Processing by OrdersController#index as HTML
  Rendering orders/index.html.erb within layouts/application
  [1m[36mOrder Load (0.2ms)[0m  [1m[34mSELECT  "orders".* FROM "orders" LIMIT ?[0m  [["LIMIT", 11]]
  [1m[36mOrder Load (0.2ms)[0m  [1m[34mSELECT "orders".* FROM "orders"[0m
  Rendered orders/index.html.erb within layouts/application (3.7ms)
Completed 200 OK in 72ms (Views: 69.7ms | ActiveRecord: 0.4ms)


Started GET "/orders" for 127.0.0.1 at 2018-04-03 18:23:58 -0500
  [1m[35m (0.3ms)[0m  [1m[34mSELECT "schema_migrations"."version" FROM "schema_migrations" ORDER BY "schema_migrations"."version" ASC[0m
Processing by OrdersController#index as HTML
  Rendering orders/index.html.erb within layouts/application
  [1m[36mOrder Load (0.3ms)[0m  [1m[34mSELECT  "orders".* FROM "orders" LIMIT ?[0m  [["LIMIT", 11]]
  [1m[36mOrder Load (0.3ms)[0m  [1m[34mSELECT "orders".* FROM "orders"[0m
  Rendered orders/index.html.erb within layouts/application (66.0ms)
Completed 200 OK in 1180ms (Views: 1111.7ms | ActiveRecord: 2.2ms)


Started GET "/orders/1" for 127.0.0.1 at 2018-04-03 18:24:06 -0500
Processing by OrdersController#show as HTML
  Parameters: {"id"=>"1"}
  [1m[36mOrder Load (0.7ms)[0m  [1m[34mSELECT  "orders".* FROM "orders" WHERE "orders"."id" = ? LIMIT ?[0m  [["id", 1], ["LIMIT", 1]]
  Rendering orders/show.html.erb within layouts/application
  Rendered orders/show.html.erb within layouts/application (1.0ms)
Completed 200 OK in 153ms (Views: 97.2ms | ActiveRecord: 1.1ms)


Started GET "/orders/1/edit" for 127.0.0.1 at 2018-04-03 18:24:14 -0500
Processing by OrdersController#edit as HTML
  Parameters: {"id"=>"1"}
  [1m[36mOrder Load (0.2ms)[0m  [1m[34mSELECT  "orders".* FROM "orders" WHERE "orders"."id" = ? LIMIT ?[0m  [["id", 1], ["LIMIT", 1]]
  Rendering orders/edit.html.erb within layouts/application
  Rendered orders/_form.html.erb (1240.8ms)
  Rendered orders/edit.html.erb within layouts/application (1256.7ms)
Completed 200 OK in 1346ms (Views: 1340.2ms | ActiveRecord: 0.2ms)


Started DELETE "/orders/2" for 127.0.0.1 at 2018-04-03 18:24:26 -0500
Processing by OrdersController#destroy as HTML
  Parameters: {"authenticity_token"=>"nvidII8l82IMbfoQrDSMpJOgAWsSKm7jf8Hkl5VJm381mnM6gDbIAwnwdV8u+X6l3Y+bu4GckePE6prnvUUm8g==", "id"=>"2"}
  [1m[36mOrder Load (0.2ms)[0m  [1m[34mSELECT  "orders".* FROM "orders" WHERE "orders"."id" = ? LIMIT ?[0m  [["id", 2], ["LIMIT", 1]]
  [1m[35m (0.1ms)[0m  [1m[36mbegin transaction[0m
  [1m[35mSQL (1.1ms)[0m  [1m[31mDELETE FROM "orders" WHERE "orders"."id" = ?[0m  [["id", 2]]
  [1m[35m (56.7ms)[0m  [1m[36mcommit transaction[0m
Redirected to http://localhost:3000/orders
Completed 302 Found in 69ms (ActiveRecord: 58.1ms)


Started GET "/orders" for 127.0.0.1 at 2018-04-03 18:24:26 -0500
Processing by OrdersController#index as HTML
  Rendering orders/index.html.erb within layouts/application
  [1m[36mOrder Load (0.3ms)[0m  [1m[34mSELECT  "orders".* FROM "orders" LIMIT ?[0m  [["LIMIT", 11]]
  [1m[36mOrder Load (0.3ms)[0m  [1m[34mSELECT "orders".* FROM "orders"[0m
  Rendered orders/index.html.erb within layouts/application (6.0ms)
Completed 200 OK in 68ms (Views: 66.3ms | ActiveRecord: 0.6ms)


Started GET "/orders/3" for 127.0.0.1 at 2018-04-03 18:24:29 -0500
Processing by OrdersController#show as HTML
  Parameters: {"id"=>"3"}
  [1m[36mOrder Load (0.2ms)[0m  [1m[34mSELECT  "orders".* FROM "orders" WHERE "orders"."id" = ? LIMIT ?[0m  [["id", 3], ["LIMIT", 1]]
  Rendering orders/show.html.erb within layouts/application
  Rendered orders/show.html.erb within layouts/application (0.6ms)
Completed 200 OK in 52ms (Views: 50.5ms | ActiveRecord: 0.2ms)


Started GET "/orders/new" for 127.0.0.1 at 2018-04-03 18:24:34 -0500
Processing by OrdersController#new as HTML
  Rendering orders/new.html.erb within layouts/application
  Rendered orders/_form.html.erb (1.8ms)
  Rendered orders/new.html.erb within layouts/application (4.7ms)
Completed 200 OK in 71ms (Views: 55.9ms | ActiveRecord: 0.0ms)


Started POST "/orders" for 127.0.0.1 at 2018-04-03 18:24:44 -0500
Processing by OrdersController#create as HTML
  Parameters: {"utf8"=>"✓", "authenticity_token"=>"5fQjD5GdptF0Kvp4wqQBwvLZwFFv2dcxiewVRlzSw+5U/0wxgaCWJZWsMIPrcLdug6MKdItk/0qhMyvrSmWcKA==", "order"=>{"board"=>"4", "waiter"=>"Juan Amigo"}, "commit"=>"Create Order"}
  [1m[35m (0.1ms)[0m  [1m[36mbegin transaction[0m
  [1m[35mSQL (0.9ms)[0m  [1m[32mINSERT INTO "orders" ("waiter", "board", "created_at", "updated_at") VALUES (?, ?, ?, ?)[0m  [["waiter", "Juan Amigo"], ["board", 4], ["created_at", "2018-04-03 23:24:44.837663"], ["updated_at", "2018-04-03 23:24:44.837663"]]
  [1m[35m (106.8ms)[0m  [1m[36mcommit transaction[0m
Redirected to http://localhost:3000/orders/4
Completed 302 Found in 125ms (ActiveRecord: 107.8ms)


Started GET "/orders/4" for 127.0.0.1 at 2018-04-03 18:24:44 -0500
Processing by OrdersController#show as HTML
  Parameters: {"id"=>"4"}
  [1m[36mOrder Load (0.2ms)[0m  [1m[34mSELECT  "orders".* FROM "orders" WHERE "orders"."id" = ? LIMIT ?[0m  [["id", 4], ["LIMIT", 1]]
  Rendering orders/show.html.erb within layouts/application
  Rendered orders/show.html.erb within layouts/application (1.1ms)
Completed 200 OK in 66ms (Views: 59.9ms | ActiveRecord: 0.2ms)


Started GET "/orders" for 127.0.0.1 at 2018-04-03 18:24:49 -0500
Processing by OrdersController#index as HTML
  Rendering orders/index.html.erb within layouts/application
  [1m[36mOrder Load (0.3ms)[0m  [1m[34mSELECT  "orders".* FROM "orders" LIMIT ?[0m  [["LIMIT", 11]]
  [1m[36mOrder Load (0.4ms)[0m  [1m[34mSELECT "orders".* FROM "orders"[0m
  Rendered orders/index.html.erb within layouts/application (8.5ms)
Completed 200 OK in 104ms (Views: 102.2ms | ActiveRecord: 0.7ms)


